<?xml version="1.0" encoding="UTF-8"?>
<testsuite xmlns:xsi="http://www.w3.org/2001/XMLSchema-instance" xsi:noNamespaceSchemaLocation="https://maven.apache.org/surefire/maven-surefire-plugin/xsd/surefire-test-report.xsd" name="kotliarov.dev.TaskManagerTest" time="0.001" tests="3" errors="0" skipped="0" failures="0">
  <properties>
[...]
</properties>
  <testcase name="testAddTask" classname="kotliarov.dev.TaskManagerTest" time="0"/>
  <testcase name="testRemoveTask" classname="kotliarov.dev.TaskManagerTest" time="0"/>
  <testcase name="testCompleteTask" classname="kotliarov.dev.TaskManagerTest" time="0.001"/>
</testsuite>